<?xml version="1.0" encoding="UTF-8" ?>
<!-- This is a WordPress eXtended RSS file generated by WordPress as an export of your site. -->
<!-- It contains information about your site's posts, pages, comments, categories, and other content. -->
<!-- You may use this file to transfer that content from one site to another. -->
<!-- This file is not intended to serve as a complete backup of your site. -->

<!-- To import this information into a WordPress site follow these steps: -->
<!-- 1. Log in to that site as an administrator. -->
<!-- 2. Go to Tools: Import in the WordPress admin panel. -->
<!-- 3. Install the "WordPress" importer from the list. -->
<!-- 4. Activate & Run Importer. -->
<!-- 5. Upload this file using the form provided on that page. -->
<!-- 6. You will first be asked to map the authors in this export file to users -->
<!--    on the site. For each author, you may choose to map to an -->
<!--    existing user on the site or to create a new user. -->
<!-- 7. WordPress will then import each of the posts, pages, comments, categories, etc. -->
<!--    contained in this file into your site. -->

<!-- generator="WordPress/4.4.3-RC1" created="2016-04-15 19:24" -->
<rss version="2.0"
	xmlns:excerpt="http://wordpress.org/export/1.2/excerpt/"
	xmlns:content="http://purl.org/rss/1.0/modules/content/"
	xmlns:wfw="http://wellformedweb.org/CommentAPI/"
	xmlns:dc="http://purl.org/dc/elements/1.1/"
	xmlns:wp="http://wordpress.org/export/1.2/"
>

<channel>
	<title>faq</title>
	<link>http://local.faq</link>
	<description>Just another WordPress site</description>
	<pubDate>Fri, 15 Apr 2016 19:24:38 +0000</pubDate>
	<language>en-US</language>
	<wp:wxr_version>1.2</wp:wxr_version>
	<wp:base_site_url>http://local.faq</wp:base_site_url>
	<wp:base_blog_url>http://local.faq</wp:base_blog_url>

	<wp:author><wp:author_id>1</wp:author_id><wp:author_login><![CDATA[robert]]></wp:author_login><wp:author_email><![CDATA[rhspeer@gmail.com]]></wp:author_email><wp:author_display_name><![CDATA[robert]]></wp:author_display_name><wp:author_first_name><![CDATA[]]></wp:author_first_name><wp:author_last_name><![CDATA[]]></wp:author_last_name></wp:author>


	<generator>https://wordpress.org/?v=4.4.3-RC1</generator>

	<item>
		<title>Why is the sky blue? (stupid)</title>
		<link>http://local.faq/faq/why-is-the-sky-blue/</link>
		<pubDate>Thu, 11 Feb 2016 21:19:01 +0000</pubDate>
		<dc:creator><![CDATA[robert]]></dc:creator>
		<guid isPermaLink="false">http://local.faq/?post_type=si_faq&#038;p=15</guid>
		<description></description>
		<content:encoded><![CDATA[Water vapor in the atmosphere]]></content:encoded>
		<excerpt:encoded><![CDATA[]]></excerpt:encoded>
		<wp:post_id>15</wp:post_id>
		<wp:post_date><![CDATA[2016-02-11 21:19:01]]></wp:post_date>
		<wp:post_date_gmt><![CDATA[2016-02-11 21:19:01]]></wp:post_date_gmt>
		<wp:comment_status><![CDATA[open]]></wp:comment_status>
		<wp:ping_status><![CDATA[closed]]></wp:ping_status>
		<wp:post_name><![CDATA[why-is-the-sky-blue]]></wp:post_name>
		<wp:status><![CDATA[publish]]></wp:status>
		<wp:post_parent>0</wp:post_parent>
		<wp:menu_order>0</wp:menu_order>
		<wp:post_type><![CDATA[pzfaq]]></wp:post_type>
		<wp:post_password><![CDATA[]]></wp:post_password>
		<wp:is_sticky>0</wp:is_sticky>
		<category domain="questiontype" nicename="redundant"><![CDATA[Redundant]]></category>
		<category domain="questiontype" nicename="silly"><![CDATA[Silly]]></category>
		<wp:postmeta>
			<wp:meta_key><![CDATA[_edit_last]]></wp:meta_key>
			<wp:meta_value><![CDATA[1]]></wp:meta_value>
		</wp:postmeta>
		<wp:postmeta>
			<wp:meta_key><![CDATA[meta_a]]></wp:meta_key>
			<wp:meta_value><![CDATA[]]></wp:meta_value>
		</wp:postmeta>
		<wp:postmeta>
			<wp:meta_key><![CDATA[meta_b]]></wp:meta_key>
			<wp:meta_value><![CDATA[]]></wp:meta_value>
		</wp:postmeta>
		<wp:postmeta>
			<wp:meta_key><![CDATA[meta_c]]></wp:meta_key>
			<wp:meta_value><![CDATA[]]></wp:meta_value>
		</wp:postmeta>
	</item>
	<item>
		<title>FAQ Good Question</title>
		<link>http://local.faq/faq/good-question/</link>
		<pubDate>Fri, 12 Feb 2016 23:02:44 +0000</pubDate>
		<dc:creator><![CDATA[robert]]></dc:creator>
		<guid isPermaLink="false">http://local.faq/?post_type=si_faq&#038;p=17</guid>
		<description></description>
		<content:encoded><![CDATA[<a class="nocolor" href="http://hellopoetry.com/poem/1557172/makin-dinner/">Makin' Dinner</a>

Crack and whisk
2 large eggs,
Then brush them
On 4 chicken legs,
Coat them in
A half-cup flour,
Bake at 350<!--more-->
For 1 hour,
While they bake
Steam some peas,
Then mix them with
Velveeta cheese,
Boil 2 cups water
With 1 cup rice,
Stir in salt and
Pumpkin spice,
When it’s all done
You’ll know why
Poets should not
Be chefs -- oh my!]]></content:encoded>
		<excerpt:encoded><![CDATA[]]></excerpt:encoded>
		<wp:post_id>17</wp:post_id>
		<wp:post_date><![CDATA[2016-02-12 23:02:44]]></wp:post_date>
		<wp:post_date_gmt><![CDATA[2016-02-12 23:02:44]]></wp:post_date_gmt>
		<wp:comment_status><![CDATA[open]]></wp:comment_status>
		<wp:ping_status><![CDATA[closed]]></wp:ping_status>
		<wp:post_name><![CDATA[good-question]]></wp:post_name>
		<wp:status><![CDATA[publish]]></wp:status>
		<wp:post_parent>0</wp:post_parent>
		<wp:menu_order>0</wp:menu_order>
		<wp:post_type><![CDATA[pzfaq]]></wp:post_type>
		<wp:post_password><![CDATA[]]></wp:post_password>
		<wp:is_sticky>0</wp:is_sticky>
		<category domain="questiontype" nicename="snuggly"><![CDATA[Snuggly]]></category>
		<category domain="questiontype" nicename="uncomfortable"><![CDATA[Uncomfortable]]></category>
		<wp:postmeta>
			<wp:meta_key><![CDATA[_edit_last]]></wp:meta_key>
			<wp:meta_value><![CDATA[1]]></wp:meta_value>
		</wp:postmeta>
		<wp:postmeta>
			<wp:meta_key><![CDATA[meta_a]]></wp:meta_key>
			<wp:meta_value><![CDATA[]]></wp:meta_value>
		</wp:postmeta>
		<wp:postmeta>
			<wp:meta_key><![CDATA[meta_b]]></wp:meta_key>
			<wp:meta_value><![CDATA[]]></wp:meta_value>
		</wp:postmeta>
		<wp:postmeta>
			<wp:meta_key><![CDATA[meta_c]]></wp:meta_key>
			<wp:meta_value><![CDATA[]]></wp:meta_value>
		</wp:postmeta>
		<wp:postmeta>
			<wp:meta_key><![CDATA[_wp_old_slug]]></wp:meta_key>
			<wp:meta_value><![CDATA[faq-good-question]]></wp:meta_value>
		</wp:postmeta>
	</item>
	<item>
		<title>FAQ in Bad Category</title>
		<link>http://local.faq/faq/another-test/</link>
		<pubDate>Fri, 12 Feb 2016 23:16:55 +0000</pubDate>
		<dc:creator><![CDATA[robert]]></dc:creator>
		<guid isPermaLink="false">http://local.faq/?post_type=si_faq&#038;p=18</guid>
		<description></description>
		<content:encoded><![CDATA[This is a test]]></content:encoded>
		<excerpt:encoded><![CDATA[]]></excerpt:encoded>
		<wp:post_id>18</wp:post_id>
		<wp:post_date><![CDATA[2016-02-12 23:16:55]]></wp:post_date>
		<wp:post_date_gmt><![CDATA[2016-02-12 23:16:55]]></wp:post_date_gmt>
		<wp:comment_status><![CDATA[open]]></wp:comment_status>
		<wp:ping_status><![CDATA[closed]]></wp:ping_status>
		<wp:post_name><![CDATA[another-test]]></wp:post_name>
		<wp:status><![CDATA[publish]]></wp:status>
		<wp:post_parent>0</wp:post_parent>
		<wp:menu_order>0</wp:menu_order>
		<wp:post_type><![CDATA[pzfaq]]></wp:post_type>
		<wp:post_password><![CDATA[]]></wp:post_password>
		<wp:is_sticky>0</wp:is_sticky>
		<category domain="questiontype" nicename="passive-agressive"><![CDATA[Passive Agressive]]></category>
		<category domain="questiontype" nicename="silly"><![CDATA[Silly]]></category>
		<wp:postmeta>
			<wp:meta_key><![CDATA[_edit_last]]></wp:meta_key>
			<wp:meta_value><![CDATA[1]]></wp:meta_value>
		</wp:postmeta>
		<wp:postmeta>
			<wp:meta_key><![CDATA[meta_a]]></wp:meta_key>
			<wp:meta_value><![CDATA[]]></wp:meta_value>
		</wp:postmeta>
		<wp:postmeta>
			<wp:meta_key><![CDATA[meta_b]]></wp:meta_key>
			<wp:meta_value><![CDATA[]]></wp:meta_value>
		</wp:postmeta>
		<wp:postmeta>
			<wp:meta_key><![CDATA[meta_c]]></wp:meta_key>
			<wp:meta_value><![CDATA[]]></wp:meta_value>
		</wp:postmeta>
		<wp:comment>
			<wp:comment_id>2</wp:comment_id>
			<wp:comment_author><![CDATA[robert]]></wp:comment_author>
			<wp:comment_author_email><![CDATA[rhspeer@gmail.com]]></wp:comment_author_email>
			<wp:comment_author_url></wp:comment_author_url>
			<wp:comment_author_IP><![CDATA[127.0.0.1]]></wp:comment_author_IP>
			<wp:comment_date><![CDATA[2016-02-12 23:21:46]]></wp:comment_date>
			<wp:comment_date_gmt><![CDATA[2016-02-12 23:21:46]]></wp:comment_date_gmt>
			<wp:comment_content><![CDATA[I like this question, it smells like kittens]]></wp:comment_content>
			<wp:comment_approved><![CDATA[1]]></wp:comment_approved>
			<wp:comment_type><![CDATA[]]></wp:comment_type>
			<wp:comment_parent>0</wp:comment_parent>
			<wp:comment_user_id>1</wp:comment_user_id>
		</wp:comment>
	</item>
	<item>
		<title>Where can I find a good UX guidance for FAQ&#039;s?</title>
		<link>http://local.faq/faq/where-can-i-find-a-good-ux-guidance-for-faqs/</link>
		<pubDate>Mon, 21 Mar 2016 15:45:34 +0000</pubDate>
		<dc:creator><![CDATA[robert]]></dc:creator>
		<guid isPermaLink="false">http://local.faq/?post_type=si_faq&#038;p=29</guid>
		<description></description>
		<content:encoded><![CDATA[The Nielson Norman Group has done an excellent summary of a success story with an FAQ redesign as well as a more indepth study available for purchase.

See both on their site available here:

https://www.nngroup.com/articles/faq-ux-deconstructed/]]></content:encoded>
		<excerpt:encoded><![CDATA[]]></excerpt:encoded>
		<wp:post_id>29</wp:post_id>
		<wp:post_date><![CDATA[2016-03-21 15:45:34]]></wp:post_date>
		<wp:post_date_gmt><![CDATA[2016-03-21 15:45:34]]></wp:post_date_gmt>
		<wp:comment_status><![CDATA[open]]></wp:comment_status>
		<wp:ping_status><![CDATA[closed]]></wp:ping_status>
		<wp:post_name><![CDATA[where-can-i-find-a-good-ux-guidance-for-faqs]]></wp:post_name>
		<wp:status><![CDATA[publish]]></wp:status>
		<wp:post_parent>0</wp:post_parent>
		<wp:menu_order>0</wp:menu_order>
		<wp:post_type><![CDATA[pzfaq]]></wp:post_type>
		<wp:post_password><![CDATA[]]></wp:post_password>
		<wp:is_sticky>0</wp:is_sticky>
		<category domain="questiontype" nicename="awesome"><![CDATA[Awesome]]></category>
		<category domain="questiontype" nicename="passive-agressive"><![CDATA[Passive Agressive]]></category>
		<wp:postmeta>
			<wp:meta_key><![CDATA[_edit_last]]></wp:meta_key>
			<wp:meta_value><![CDATA[1]]></wp:meta_value>
		</wp:postmeta>
		<wp:postmeta>
			<wp:meta_key><![CDATA[_oembed_bed2e4549d25c207eaecc2f7985230b4]]></wp:meta_key>
			<wp:meta_value><![CDATA[{{unknown}}]]></wp:meta_value>
		</wp:postmeta>
		<wp:postmeta>
			<wp:meta_key><![CDATA[meta_a]]></wp:meta_key>
			<wp:meta_value><![CDATA[]]></wp:meta_value>
		</wp:postmeta>
		<wp:postmeta>
			<wp:meta_key><![CDATA[meta_b]]></wp:meta_key>
			<wp:meta_value><![CDATA[]]></wp:meta_value>
		</wp:postmeta>
		<wp:postmeta>
			<wp:meta_key><![CDATA[meta_c]]></wp:meta_key>
			<wp:meta_value><![CDATA[]]></wp:meta_value>
		</wp:postmeta>
		<wp:postmeta>
			<wp:meta_key><![CDATA[_oembed_cfb783a977a443cc421f8ff6da8bf6ae]]></wp:meta_key>
			<wp:meta_value><![CDATA[{{unknown}}]]></wp:meta_value>
		</wp:postmeta>
		<wp:postmeta>
			<wp:meta_key><![CDATA[_oembed_ea45b97cafccdcc9958ac9f166b9df87]]></wp:meta_key>
			<wp:meta_value><![CDATA[{{unknown}}]]></wp:meta_value>
		</wp:postmeta>
		<wp:postmeta>
			<wp:meta_key><![CDATA[_oembed_48039e59e0ae51d63b663491d1d8c2fb]]></wp:meta_key>
			<wp:meta_value><![CDATA[{{unknown}}]]></wp:meta_value>
		</wp:postmeta>
		<wp:postmeta>
			<wp:meta_key><![CDATA[_oembed_39440ca6a0711d53da567d597366e3c4]]></wp:meta_key>
			<wp:meta_value><![CDATA[{{unknown}}]]></wp:meta_value>
		</wp:postmeta>
	</item>
</channel>
</rss>
